GROUP,PACKAGE,CLASS,INSTRUCTION_MISSED,INSTRUCTION_COVERED,BRANCH_MISSED,BRANCH_COVERED,LINE_MISSED,LINE_COVERED,COMPLEXITY_MISSED,COMPLEXITY_COVERED,METHOD_MISSED,METHOD_COVERED
elasticsearch-consumer,com.elasticsearch.consumer,ElasticSearchTwitterClient.new RestClientBuilder.HttpClientConfigCallback() {...},22,0,0,0,5,0,2,0,2,0
elasticsearch-consumer,com.elasticsearch.consumer,App.new ConsumerCallback() {...},19,0,0,0,5,0,2,0,2,0
elasticsearch-consumer,com.elasticsearch.consumer,App,11,0,0,0,3,0,1,0,1,0
elasticsearch-consumer,com.elasticsearch.consumer,ElasticSearchTwitterClient,199,0,12,0,51,0,9,0,3,0
elasticsearch-consumer,com.elasticsearch.consumer,KafkaTwitterConsumer,161,0,10,0,35,0,10,0,5,0
elasticsearch-consumer,com.elasticsearch.consumer,Tweet,23,0,0,0,8,0,4,0,4,0
